# JRE version: 7.0_25-b17
# Java VM: Java HotSpot(TM) Client VM (23.25-b01 mixed mode, sharing windows-x86 )
Heap
 def new generation   total 4928K, used 1091K [0x23f10000, 0x24460000, 0x29460000)
  eden space 4416K,  24% used [0x23f10000, 0x240205f8, 0x24360000)
  from space 512K,   0% used [0x24360000, 0x24360688, 0x243e0000)
  to   space 512K,   0% used [0x243e0000, 0x243e0000, 0x24460000)
 tenured generation   total 10944K, used 8858K [0x29460000, 0x29f10000, 0x33f10000)
   the space 10944K,  80% used [0x29460000, 0x29d06bc0, 0x29d06c00, 0x29f10000)
 compacting perm gen  total 12288K, used 2634K [0x33f10000, 0x34b10000, 0x37f10000)
   the space 12288K,  21% used [0x33f10000, 0x341a2bf8, 0x341a2c00, 0x34b10000)
    ro space 10240K,  42% used [0x37f10000, 0x38354240, 0x38354400, 0x38910000)
    rw space 12288K,  54% used [0x38910000, 0x38f94d58, 0x38f94e00, 0x39510000)
GC Heap History (10 events):
Event: 233.638 GC heap before
{Heap before GC invocations=9 (full 0):
 def new generation   total 4928K, used 4418K [0x23f10000, 0x24460000, 0x29460000)
  eden space 4416K, 100% used [0x23f10000, 0x24360000, 0x24360000)
  from space 512K,   0% used [0x243e0000, 0x243e0bf8, 0x24460000)
  to   space 512K,   0% used [0x24360000, 0x24360000, 0x243e0000)
 tenured generation   total 10944K, used 6037K [0x29460000, 0x29f10000, 0x33f10000)
   the space 10944K,  55% used [0x29460000, 0x29a45768, 0x29a45800, 0x29f10000)
 compacting perm gen  total 12288K, used 2621K [0x33f10000, 0x34b10000, 0x37f10000)
   the space 12288K,  21% used [0x33f10000, 0x3419f718, 0x3419f800, 0x34b10000)
    ro space 10240K,  42% used [0x37f10000, 0x38354240, 0x38354400, 0x38910000)
    rw space 12288K,  54% used [0x38910000, 0x38f94d58, 0x38f94e00, 0x39510000)
Event: 233.639 GC heap after
Heap after GC invocations=10 (full 0):
 def new generation   total 4928K, used 2K [0x23f10000, 0x24460000, 0x29460000)
  eden space 4416K,   0% used [0x23f10000, 0x23f10000, 0x24360000)
  from space 512K,   0% used [0x24360000, 0x24360b78, 0x243e0000)
  to   space 512K,   0% used [0x243e0000, 0x243e0000, 0x24460000)
 tenured generation   total 10944K, used 6037K [0x29460000, 0x29f10000, 0x33f10000)
   the space 10944K,  55% used [0x29460000, 0x29a45768, 0x29a45800, 0x29f10000)
 compacting perm gen  total 12288K, used 2621K [0x33f10000, 0x34b10000, 0x37f10000)
   the space 12288K,  21% used [0x33f10000, 0x3419f718, 0x3419f800, 0x34b10000)
    ro space 10240K,  42% used [0x37f10000, 0x38354240, 0x38354400, 0x38910000)
    rw space 12288K,  54% used [0x38910000, 0x38f94d58, 0x38f94e00, 0x39510000)
}
Event: 282.076 GC heap before
{Heap before GC invocations=10 (full 0):
 def new generation   total 4928K, used 4413K [0x23f10000, 0x24460000, 0x29460000)
  eden space 4416K,  99% used [0x23f10000, 0x2435ec10, 0x24360000)
  from space 512K,   0% used [0x24360000, 0x24360b78, 0x243e0000)
  to   space 512K,   0% used [0x243e0000, 0x243e0000, 0x24460000)
 tenured generation   total 10944K, used 6037K [0x29460000, 0x29f10000, 0x33f10000)
   the space 10944K,  55% used [0x29460000, 0x29a45768, 0x29a45800, 0x29f10000)
 compacting perm gen  total 12288K, used 2634K [0x33f10000, 0x34b10000, 0x37f10000)
   the space 12288K,  21% used [0x33f10000, 0x341a2bc8, 0x341a2c00, 0x34b10000)
    ro space 10240K,  42% used [0x37f10000, 0x38354240, 0x38354400, 0x38910000)
    rw space 12288K,  54% used [0x38910000, 0x38f94d58, 0x38f94e00, 0x39510000)
Event: 282.079 GC heap after
Heap after GC invocations=11 (full 0):
 def new generation   total 4928K, used 512K [0x23f10000, 0x24460000, 0x29460000)
  eden space 4416K,   0% used [0x23f10000, 0x23f10000, 0x24360000)
  from space 512K, 100% used [0x243e0000, 0x24460000, 0x24460000)
  to   space 512K,   0% used [0x24360000, 0x24360000, 0x243e0000)
 tenured generation   total 10944K, used 6090K [0x29460000, 0x29f10000, 0x33f10000)
   the space 10944K,  55% used [0x29460000, 0x29a52958, 0x29a52a00, 0x29f10000)
 compacting perm gen  total 12288K, used 2634K [0x33f10000, 0x34b10000, 0x37f10000)
   the space 12288K,  21% used [0x33f10000, 0x341a2bc8, 0x341a2c00, 0x34b10000)
    ro space 10240K,  42% used [0x37f10000, 0x38354240, 0x38354400, 0x38910000)
    rw space 12288K,  54% used [0x38910000, 0x38f94d58, 0x38f94e00, 0x39510000)
}
Event: 291.829 GC heap before
{Heap before GC invocations=11 (full 0):
 def new generation   total 4928K, used 4928K [0x23f10000, 0x24460000, 0x29460000)
  eden space 4416K, 100% used [0x23f10000, 0x24360000, 0x24360000)
  from space 512K, 100% used [0x243e0000, 0x24460000, 0x24460000)
  to   space 512K,   0% used [0x24360000, 0x24360000, 0x243e0000)
 tenured generation   total 10944K, used 6090K [0x29460000, 0x29f10000, 0x33f10000)
   the space 10944K,  55% used [0x29460000, 0x29a52958, 0x29a52a00, 0x29f10000)
 compacting perm gen  total 12288K, used 2634K [0x33f10000, 0x34b10000, 0x37f10000)
   the space 12288K,  21% used [0x33f10000, 0x341a2bd8, 0x341a2c00, 0x34b10000)
    ro space 10240K,  42% used [0x37f10000, 0x38354240, 0x38354400, 0x38910000)
    rw space 12288K,  54% used [0x38910000, 0x38f94d58, 0x38f94e00, 0x39510000)
Event: 291.833 GC heap after
Heap after GC invocations=12 (full 0):
 def new generation   total 4928K, used 459K [0x23f10000, 0x24460000, 0x29460000)
  eden space 4416K,   0% used [0x23f10000, 0x23f10000, 0x24360000)
  from space 512K,  89% used [0x24360000, 0x243d2ed8, 0x243e0000)
  to   space 512K,   0% used [0x243e0000, 0x243e0000, 0x24460000)
 tenured generation   total 10944K, used 8400K [0x29460000, 0x29f10000, 0x33f10000)
   the space 10944K,  76% used [0x29460000, 0x29c94288, 0x29c94400, 0x29f10000)
 compacting perm gen  total 12288K, used 2634K [0x33f10000, 0x34b10000, 0x37f10000)
   the space 12288K,  21% used [0x33f10000, 0x341a2bd8, 0x341a2c00, 0x34b10000)
    ro space 10240K,  42% used [0x37f10000, 0x38354240, 0x38354400, 0x38910000)
    rw space 12288K,  54% used [0x38910000, 0x38f94d58, 0x38f94e00, 0x39510000)
}
Event: 313.229 GC heap before
{Heap before GC invocations=12 (full 0):
 def new generation   total 4928K, used 4875K [0x23f10000, 0x24460000, 0x29460000)
  eden space 4416K, 100% used [0x23f10000, 0x24360000, 0x24360000)
  from space 512K,  89% used [0x24360000, 0x243d2ed8, 0x243e0000)
  to   space 512K,   0% used [0x243e0000, 0x243e0000, 0x24460000)
 tenured generation   total 10944K, used 8400K [0x29460000, 0x29f10000, 0x33f10000)
   the space 10944K,  76% used [0x29460000, 0x29c94288, 0x29c94400, 0x29f10000)
 compacting perm gen  total 12288K, used 2634K [0x33f10000, 0x34b10000, 0x37f10000)
   the space 12288K,  21% used [0x33f10000, 0x341a2be8, 0x341a2c00, 0x34b10000)
    ro space 10240K,  42% used [0x37f10000, 0x38354240, 0x38354400, 0x38910000)
    rw space 12288K,  54% used [0x38910000, 0x38f94d58, 0x38f94e00, 0x39510000)
Event: 313.231 GC heap after
Heap after GC invocations=13 (full 0):
 def new generation   total 4928K, used 1K [0x23f10000, 0x24460000, 0x29460000)
  eden space 4416K,   0% used [0x23f10000, 0x23f10000, 0x24360000)
  from space 512K,   0% used [0x243e0000, 0x243e05a0, 0x24460000)
  to   space 512K,   0% used [0x24360000, 0x24360000, 0x243e0000)
 tenured generation   total 10944K, used 8858K [0x29460000, 0x29f10000, 0x33f10000)
   the space 10944K,  80% used [0x29460000, 0x29d06bc0, 0x29d06c00, 0x29f10000)
 compacting perm gen  total 12288K, used 2634K [0x33f10000, 0x34b10000, 0x37f10000)
   the space 12288K,  21% used [0x33f10000, 0x341a2be8, 0x341a2c00, 0x34b10000)
    ro space 10240K,  42% used [0x37f10000, 0x38354240, 0x38354400, 0x38910000)
    rw space 12288K,  54% used [0x38910000, 0x38f94d58, 0x38f94e00, 0x39510000)
}
Event: 333.427 GC heap before
{Heap before GC invocations=13 (full 0):
 def new generation   total 4928K, used 4417K [0x23f10000, 0x24460000, 0x29460000)
  eden space 4416K, 100% used [0x23f10000, 0x24360000, 0x24360000)
  from space 512K,   0% used [0x243e0000, 0x243e05a0, 0x24460000)
  to   space 512K,   0% used [0x24360000, 0x24360000, 0x243e0000)
 tenured generation   total 10944K, used 8858K [0x29460000, 0x29f10000, 0x33f10000)
   the space 10944K,  80% used [0x29460000, 0x29d06bc0, 0x29d06c00, 0x29f10000)
 compacting perm gen  total 12288K, used 2634K [0x33f10000, 0x34b10000, 0x37f10000)
   the space 12288K,  21% used [0x33f10000, 0x341a2bf8, 0x341a2c00, 0x34b10000)
    ro space 10240K,  42% used [0x37f10000, 0x38354240, 0x38354400, 0x38910000)
    rw space 12288K,  54% used [0x38910000, 0x38f94d58, 0x38f94e00, 0x39510000)
Event: 333.428 GC heap after
Heap after GC invocations=14 (full 0):
 def new generation   total 4928K, used 1K [0x23f10000, 0x24460000, 0x29460000)
  eden space 4416K,   0% used [0x23f10000, 0x23f10000, 0x24360000)
  from space 512K,   0% used [0x24360000, 0x24360688, 0x243e0000)
  to   space 512K,   0% used [0x243e0000, 0x243e0000, 0x24460000)
 tenured generation   total 10944K, used 8858K [0x29460000, 0x29f10000, 0x33f10000)
   the space 10944K,  80% used [0x29460000, 0x29d06bc0, 0x29d06c00, 0x29f10000)
 compacting perm gen  total 12288K, used 2634K [0x33f10000, 0x34b10000, 0x37f10000)
   the space 12288K,  21% used [0x33f10000, 0x341a2bf8, 0x341a2c00, 0x34b10000)
    ro space 10240K,  42% used [0x37f10000, 0x38354240, 0x38354400, 0x38910000)
    rw space 12288K,  54% used [0x38910000, 0x38f94d58, 0x38f94e00, 0x39510000)
}

